1561505129892	mozrunner::runner	INFO	Running command: "C:\\Program Files\\Firefox Developer Edition\\firefox.exe" "-marionette" "-foreground" "-no-remote" "-profile" "C:\\Users\\Brady\\AppData\\Local\\Temp\\rust_mozprofile.Y0wkD3fMgr8p"
1561505130301	addons.webextension.screenshots@mozilla.org	WARN	Loading extension 'screenshots@mozilla.org': Reading manifest: Invalid extension permission: mozillaAddons
1561505130301	addons.webextension.screenshots@mozilla.org	WARN	Loading extension 'screenshots@mozilla.org': Reading manifest: Invalid extension permission: telemetry
1561505130301	addons.webextension.screenshots@mozilla.org	WARN	Loading extension 'screenshots@mozilla.org': Reading manifest: Invalid extension permission: resource://pdf.js/
1561505130301	addons.webextension.screenshots@mozilla.org	WARN	Loading extension 'screenshots@mozilla.org': Reading manifest: Invalid extension permission: about:reader*
WARN: compileToBinary(259): 
C:\fakepath(334,18-133): warning X3571: pow(f, e) will not work for negative f, use abs(f) or conditionally handle negative values if you expect them
C:\fakepath(340,62-116): warning X3571: pow(f, e) will not work for negative f, use abs(f) or conditionally handle negative values if you expect them
C:\fakepath(363,75-84): warning X3556: integer divides may be much slower, try using uints if possible.
C:\fakepath(366,50-59): warning X3556: integer modulus may be much slower, try using uints if possible.
C:\fakepath(382,33-90): warning X3571: pow(f, e) will not work for negative f, use abs(f) or conditionally handle negative values if you expect them
C:\fakepath(172,1-6): warning X4000: use of potentially uninitialized variable (dyn_index_vec4_float4)
C:\fakepath(287,25-29): error X4576: Input array signature parameter  cannot be indexed dynamically.

WARN: compileToBinary(259): 
C:\fakepath(334,18-133): warning X3571: pow(f, e) will not work for negative f, use abs(f) or conditionally handle negative values if you expect them
C:\fakepath(340,62-116): warning X3571: pow(f, e) will not work for negative f, use abs(f) or conditionally handle negative values if you expect them
C:\fakepath(363,75-84): warning X3556: integer divides may be much slower, try using uints if possible.
C:\fakepath(366,50-59): warning X3556: integer modulus may be much slower, try using uints if possible.
C:\fakepath(382,33-90): warning X3571: pow(f, e) will not work for negative f, use abs(f) or conditionally handle negative values if you expect them
C:\fakepath(172,1-6): warning X4000: use of potentially uninitialized variable (dyn_index_vec4_float4)
C:\fakepath(287,25-29): error X4576: Input array signature parameter  cannot be indexed dynamically.

WARN: compileToBinary(259): 
C:\fakepath(363,75-84): warning X3556: integer divides may be much slower, try using uints if possible.
C:\fakepath(366,50-59): warning X3556: integer modulus may be much slower, try using uints if possible.
C:\fakepath(172,1-6): warning X4000: use of potentially uninitialized variable (dyn_index_vec4_float4)
C:\fakepath(223,1): warning X4000: use of potentially uninitialized variable (f_distance_aa)
C:\fakepath(260,1): warning X4000: use of potentially uninitialized variable (f_do_clip)

[Child 6320, Chrome_ChildThread] WARNING: pipe error: 109: file z:/task_1560988207/build/src/ipc/chromium/src/chrome/common/ipc_channel_win.cc, line 341
[Child 6320, Chrome_ChildThread] WARNING: pipe error: 109: file z:/task_1560988207/build/src/ipc/chromium/src/chrome/common/ipc_channel_win.cc, li1561505132437	Marionette	INFO	Listening on port 56681
1561505132626	Marionette	WARN	TLS certificate errors will be ignored for this session
JavaScript warning: https://cdn.pcpartpicker.com/static/forever/hash/site-ed632057104df7adb20a36818801f7b5.js, line 142: Using //@ to indicate sourceMappingURL pragmas is deprecated. Use //# instead
[Parent 8460, Gecko_IOThread] WARNING: pipe error: 109: file z:/task_1560988207/build/src/ipc/chromium/src/chrome/common/ipc_channel_win.cc, line 341
[Parent 8460, Gecko_IOThread] WARNING: pipe error: 109: file z:/task_1560988207/build/src/ipc/chromium/src/chrome/common/ipc_channel_win.cc, line 341
[Child 6076, Chrome_ChildThread] WARNING: pipe error: 109: file z:/task_1560988207/build/src/ipc/chromium/src/chrome/co[Cmmohild 2712, n/ipcChrome_Ch_chilandTnehrl_ead]win. WARcc,NING: pipe error: 109: file  line z:/341
task_1560[Ch988207/build/src/ipc/chromium/src/chrome/common/ipc_channel_win.cc, line 341
[Child 2712, Chrome_ChildThread] WARNING: pipe error: 109: file z:/task_1560988207/build/src/ipc/chromium/src/chrome/common/ipc_channel_win.cc, line 34[Child 18868, Chrome_ChildThread] WARNING: pipe error: 109: file z:/task_1560988207/build/src/ipc/chromium/src/chrome/common/ipc_channel_win.cc, line 341
[Child 18868, C1561505434200	Marionette	INFO	Stopped listening on port 56681
[GPU 1
###!!! [Child][RunMessage] Error: Channel closing: too late to send/recv, messages will be lost

68
###!!! [Child][MessageChannel::SendAndWait] Error: Channel error: cannot send/recv

or conditionally handle negative values if you expect them
C:\fakepath(363,75-84): warning X3556: integer divides may be much slower, try using uints if possible.
C:\fakepath(366,50-59): warning X3556: integer modulus may be much slower, try using uints if possible.
C:\fakepath(382,33-90): warning X3571: pow(f, e) will not work for negative f, use abs(f) or conditionally handle negative values if you expect them
C:\fakepath(172,1-6): warning X4000: use of potentially uninitialized variable (dyn_index_vec4_float4)
C:\fakepath(287,25-29): error X4576: Input array signature parameter  cannot be indexed dynamically.

WARN: compileToBinary(259): 
C:\fakepath(334,18-133): warning X3571: pow(f, e) will not work for negative f, use abs(f) or conditionally handle negative values if you expect them
C:\fakepath(340,62-116): warning X3571: pow(f, e) will not work for negative f, use abs(f) or conditionally handle negative values if you expect them
C:\fakepath(363,75-84): warning X3556: integer divides may be much slower, try using uints if possible.
C:\fakepath(366,50-59): warning X3556: integer modulus may be much slower, try using uints if possible.
C:\fakepath(382,33-90): warning X3571: pow(f, e) will not work for negative f, use abs(f) or conditionally handle negative values if you expect them
C:\fakepath(172,1-6): warning X4000: use of potentially uninitialized variable (dyn_index_vec4_float4)
C:\fakepath(287,25-29): error X4576: Input array signature parameter  cannot be indexed dynamically.

WARN: compileToBinary(259): 
C:\fakepath(363,75-84): warning X3556: integer divides may be much slower, try using uints if possible.
C:\fakepath(366,50-59): warning X3556: integer modulus may be much slower, try using uints if possible.
C:\fakepath(172,1-6): warning X4000: use of potentially uninitialized variable (dyn_index_vec4_float4)
C:\fakepath(223,1): warning X4000: use of potentially uninitialized variable (f_distance_aa)
C:\fakepath(260,1): warning X4000: use of potentially uninitialized variable (f_do_clip)

[Child 6888, Chrome_ChildThread] WARNING: pipe error: 109: file z:/task_1560988207/build/src/ipc/chromium/src/chrome/common/ipc_channel_win.cc, line 341
[Child 6888, Chrome_ChildThread] WARNING: pipe error: 109: file z:/tas1561505295010	Marionette	INFO	Listening on port 56774
1561505295058	Marionette	WARN	TLS certificate errors will be ignored for this session
JavaScript warning: https://cdn.pcpartpicker.com/static/forever/hash/site-ed632057104df7adb20a36818801f7b5.js, line 142: Using //@ to indicate sourceMappingURL pragmas is deprecated. Use //# instead
[Parent 19008, Gecko_IOThread] WARNING: pipe error: 109: file z:/task_1560988207/build/src/ipc/chromium/src/chrome/common/ipc_channel_win.cc, line 341
[Parent 19008, Gecko_IOThread] WARNING: pipe error: 109: file z:/task_1560988207/build/src/ipc/chromium/src/chrome/common/ipc_channel_win.cc, line 341
[Child 13708, Chrome_ChildThread] WARNING: pipe error: 109: file z:/task_1560988207/build/src/ipc/chromium/src/chrome/common/ipc_channel_win.cc, [Child 21l252,in Che 341ro
me_ChildThr[Chead]i ld 1WARNING: pipe error: 109: file z:/task_1560988207/build/src/ipc/chromium/src/chrome/common/ipc_channel_win.cc, line 341
[Child 21252, Chrome_Chil[Parent 19008, Gecko_IOThread] WARNING: pipe error: 109: file z:/task_1560988207/build/src/ipc/chromium/src/chrome/common/ipc_channel_win.cc, line 341
[Child 8872, Chrome_ChildThread] WARNING: pipe error: 109: file z:/task_1560988207/build/src/ipc/chromium/src/chrome/common/ipc_channel_win.cc, line 341
[Child 8872, Ch1561505420639	Marionette	INFO	Stopped listening on port 56774

###!!! [Child][RunMessage] Error: Channel closing: too late to send/recv, messages will be lost

[GPU 3744
###!!! [Child][MessageChannel::SendAndWait] Error: Channel error: cannot send/recv

lues if you expect them
C:\fakepath(363,75-84): warning X3556: integer divides may be much slower, try using uints if possible.
C:\fakepath(366,50-59): warning X3556: integer modulus may be much slower, try using uints if possible.
C:\fakepath(382,33-90): warning X3571: pow(f, e) will not work for negative f, use abs(f) or conditionally handle negative values if you expect them
C:\fakepath(172,1-6): warning X4000: use of potentially uninitialized variable (dyn_index_vec4_float4)
C:\fakepath(287,25-29): error X4576: Input array signature parameter  cannot be indexed dynamically.

WARN: compileToBinary(259): 
C:\fakepath(334,18-133): warning X3571: pow(f, e) will not work for negative f, use abs(f) or conditionally handle negative values if you expect them
C:\fakepath(340,62-116): warning X3571: pow(f, e) will not work for negative f, use abs(f) or conditionally handle negative values if you expect them
C:\fakepath(363,75-84): warning X3556: integer divides may be much slower, try using uints if possible.
C:\fakepath(366,50-59): warning X3556: integer modulus may be much slower, try using uints if possible.
C:\fakepath(382,33-90): warning X3571: pow(f, e) will not work for negative f, use abs(f) or conditionally handle negative values if you expect them
C:\fakepath(172,1-6): warning X4000: use of potentially uninitialized variable (dyn_index_vec4_float4)
C:\fakepath(287,25-29): error X4576: Input array signature parameter  cannot be indexed dynamically.

WARN: compileToBinary(259): 
C:\fakepath(363,75-84): warning X3556: integer divides may be much slower, try using uints if possible.
C:\fakepath(366,50-59): warning X3556: integer modulus may be much slower, try using uints if possible.
C:\fakepath(172,1-6): warning X4000: use of potentially uninitialized variable (dyn_index_vec4_float4)
C:\fakepath(223,1): warning X4000: use of potentially uninitialized variable (f_distance_aa)
C:\fakepath(260,1): warning X4000: use of potentially uninitialized variable (f_do_clip)

[Parent 4532, Gecko_IOThread] WARNING: pipe error: 109: file z:/task_1560988207/build/src/ipc/chromium/src/chrome/common/ipc_channel_win.cc, line 341
[Child 1488, Chrome_ChildThread] WARNING: pipe error: 109: file z:/task_1560988207/build/src/ipc/chromium/src/chrome/common/ipc_channel_win.cc, line 341
[Child 1488, Chrome_ChildThread] WARNING: pipe error: 109: file z:/task_156091561505360941	Marionette	INFO	Listening on port 56831
1561505361094	Marionette	WARN	TLS certificate errors will be ignored for this session
JavaScript warning: https://cdn.pcpartpicker.com/static/forever/hash/site-ed632057104df7adb20a36818801f7b5.js, line 142: Using //@ to indicate sourceMappingURL pragmas is deprecated. Use //# instead
[Parent 4532, Gecko_IOThread] WARNING: pipe error: 109: file z:/task_1560988207/build/src/ipc/chromium/src/chrome/common/ipc_channel_win.cc, line 341
[Child 19640, Chrome_ChildThread] WARNING: pipe error: 109: file z:/task_1560988207/build/src/ipc/chromium/src/chrome/common/ipc_channel_win.cc, line 341
[Child [Ch2i828l, Chrome_dChildThread] WARNING: pipe error: 109: file z:/task_1560988207/build/src/ipc/chromium/src/chrome/common/ipc_channel_win.cc, line 341
[Child 2828, Chrome_ChildThread] WARNING: pipe error: 109: file z:/task_1560988207/build/src/ipc/chromium/src/chrome/common/ipc_channel_win.cc, line 341
[Child 14208, Chrome_ChildThread] WARNING: pipe error: 109: file z:/task_1560988207/build/src/ipc/chromium/src/chrome/common/ipc_channel_win.cc, line 341
[Child 14208, 1561505419640	Marionette	INFO	Stopped listening on port 56831

###!!! [Child][RunMessage] Error: Channel closing: too late to send/recv, messages will be lost

[GPU 88
###!!! [Child][MessageChannel::SendAndWait] Error: Channel error: cannot send/recv

1561505829073	mozrunner::runner	INFO	Running command: "C:\\Program Files\\Firefox Developer Edition\\firefox.exe" "-marionette" "-foreground" "-no-remote" "-profile" "C:\\Users\\Brady\\AppData\\Local\\Temp\\rust_mozprofile.rNbJxqC3ZmKB"
1561505829472	addons.webextension.screenshots@mozilla.org	WARN	Loading extension 'screenshots@mozilla.org': Reading manifest: Invalid extension permission: mozillaAddons
1561505829472	addons.webextension.screenshots@mozilla.org	WARN	Loading extension 'screenshots@mozilla.org': Reading manifest: Invalid extension permission: telemetry
1561505829473	addons.webextension.screenshots@mozilla.org	WARN	Loading extension 'screenshots@mozilla.org': Reading manifest: Invalid extension permission: resource://pdf.js/
1561505829473	addons.webextension.screenshots@mozilla.org	WARN	Loading extension 'screenshots@mozilla.org': Reading manifest: Invalid extension permission: about:reader*
WARN: compileToBinary(259): 
C:\fakepath(334,18-133): warning X3571: pow(f, e) will not work for negative f, use abs(f) or conditionally handle negative values if you expect them
C:\fakepath(340,62-116): warning X3571: pow(f, e) will not work for negative f, use abs(f) or conditionally handle negative values if you expect them
C:\fakepath(363,75-84): warning X3556: integer divides may be much slower, try using uints if possible.
C:\fakepath(366,50-59): warning X3556: integer modulus may be much slower, try using uints if possible.
C:\fakepath(382,33-90): warning X3571: pow(f, e) will not work for negative f, use abs(f) or conditionally handle negative values if you expect them
C:\fakepath(172,1-6): warning X4000: use of potentially uninitialized variable (dyn_index_vec4_float4)
C:\fakepath(287,25-29): error X4576: Input array signature parameter  cannot be indexed dynamically.

WARN: compileToBinary(259): 
C:\fakepath(334,18-133): warning X3571: pow(f, e) will not work for negative f, use abs(f) or conditionally handle negative values if you expect them
C:\fakepath(340,62-116): warning X3571: pow(f, e) will not work for negative f, use abs(f) or conditionally handle negative values if you expect them
C:\fakepath(363,75-84): warning X3556: integer divides may be much slower, try using uints if possible.
C:\fakepath(366,50-59): warning X3556: integer modulus may be much slower, try using uints if possible.
C:\fakepath(382,33-90): warning X3571: pow(f, e) will not work for negative f, use abs(f) or conditionally handle negative values if you expect them
C:\fakepath(172,1-6): warning X4000: use of potentially uninitialized variable (dyn_index_vec4_float4)
C:\fakepath(287,25-29): error X4576: Input array signature parameter  cannot be indexed dynamically.

WARN: compileToBinary(259): 
C:\fakepath(363,75-84): warning X3556: integer divides may be much slower, try using uints if possible.
C:\fakepath(366,50-59): warning X3556: integer modulus may be much slower, try using uints if possible.
C:\fakepath(172,1-6): warning X4000: use of potentially uninitialized variable (dyn_index_vec4_float4)
C:\fakepath(223,1): warning X4000: use of potentially uninitialized variable (f_distance_aa)
C:\fakepath(260,1): warning X4000: use of potentially uninitialized variable (f_do_clip)

[Child 20000, Chrome_ChildThread] WARNING: pipe error: 109: file z:/task_1560988207/build/src/ipc/chromium/src/chrome/common/ipc_channel_win.cc, line 341
[Child 20000, Chrome_ChildThread] WARNING: pipe error: 109: file z:/task_1560988207/build/src/ipc/chromium/src/chrome/common/ipc_channel_win.cc, line 341
1561505831698	Marionette	INFO	Listening on port 56934
1561505831805	Marionette	WARN	TLS certificate errors will be ignored for this session
JavaScript warning: https://cdn.pcpartpicker.com/static/forever/hash/site-ed632057104df7adb20a36818801f7b5.js, line 142: Using //@ to indicate sourceMappingURL pragmas is deprecated. Use //# instead
[Child 17812, Chrome_ChildThread] WARNING: pipe error: 109: file z:/task_1560988207/build/src/ipc/chromium/src/chrome/common/ipc_channel_win.cc, line 341
[Child 17812, Chro[Parent 15964, Gecko_IOThread] WARNING: pipe error: 109: file z:/task_1560988207/build/src/ipc/chromium/src/chrome/common/ipc_channel_win.cc, line 341
[Child 13880, Chrome_ChildThread] WARNING: pipe error: 109: file z:/task_1560988207/build/src/ipc/chromium/src/chrome/common/ipc_channel_win.cc, line 341
[Child 13880, Chr1561505840326	Marionette	INFO	Stopped listening on port 56934

###!!! [Child][RunMessage] Error: Channel closing: too late to send/recv, messages will be lost

[GPU 2704
###!!! [Child][MessageChannel::SendAndWait] Error: Channel error: cannot send/recv

1561505943632	mozrunner::runner	INFO	Running command: "C:\\Program Files\\Firefox Developer Edition\\firefox.exe" "-marionette" "-foreground" "-no-remote" "-profile" "C:\\Users\\Brady\\AppData\\Local\\Temp\\rust_mozprofile.BEWuo3gQLsro"
1561505944359	addons.webextension.screenshots@mozilla.org	WARN	Loading extension 'screenshots@mozilla.org': Reading manifest: Invalid extension permission: mozillaAddons
1561505944359	addons.webextension.screenshots@mozilla.org	WARN	Loading extension 'screenshots@mozilla.org': Reading manifest: Invalid extension permission: telemetry
1561505944359	addons.webextension.screenshots@mozilla.org	WARN	Loading extension 'screenshots@mozilla.org': Reading manifest: Invalid extension permission: resource://pdf.js/
1561505944360	addons.webextension.screenshots@mozilla.org	WARN	Loading extension 'screenshots@mozilla.org': Reading manifest: Invalid extension permission: about:reader*
WARN: compileToBinary(259): 
C:\fakepath(334,18-133): warning X3571: pow(f, e) will not work for negative f, use abs(f) or conditionally handle negative values if you expect them
C:\fakepath(340,62-116): warning X3571: pow(f, e) will not work for negative f, use abs(f) or conditionally handle negative values if you expect them
C:\fakepath(363,75-84): warning X3556: integer divides may be much slower, try using uints if possible.
C:\fakepath(366,50-59): warning X3556: integer modulus may be much slower, try using uints if possible.
C:\fakepath(382,33-90): warning X3571: pow(f, e) will not work for negative f, use abs(f) or conditionally handle negative values if you expect them
C:\fakepath(172,1-6): warning X4000: use of potentially uninitialized variable (dyn_index_vec4_float4)
C:\fakepath(287,25-29): error X4576: Input array signature parameter  cannot be indexed dynamically.

WARN: compileToBinary(259): 
C:\fakepath(334,18-133): warning X3571: pow(f, e) will not work for negative f, use abs(f) or conditionally handle negative values if you expect them
C:\fakepath(340,62-116): warning X3571: pow(f, e) will not work for negative f, use abs(f) or conditionally handle negative values if you expect them
C:\fakepath(363,75-84): warning X3556: integer divides may be much slower, try using uints if possible.
C:\fakepath(366,50-59): warning X3556: integer modulus may be much slower, try using uints if possible.
C:\fakepath(382,33-90): warning X3571: pow(f, e) will not work for negative f, use abs(f) or conditionally handle negative values if you expect them
C:\fakepath(172,1-6): warning X4000: use of potentially uninitialized variable (dyn_index_vec4_float4)
C:\fakepath(287,25-29): error X4576: Input array signature parameter  cannot be indexed dynamically.

WARN: compileToBinary(259): 
C:\fakepath(363,75-84): warning X3556: integer divides may be much slower, try using uints if possible.
C:\fakepath(366,50-59): warning X3556: integer modulus may be much slower, try using uints if possible.
C:\fakepath(172,1-6): warning X4000: use of potentially uninitialized variable (dyn_index_vec4_float4)
C:\fakepath(223,1): warning X4000: use of potentially uninitialized variable (f_distance_aa)
C:\fakepath(260,1): warning X4000: use of potentially uninitialized variable (f_do_clip)

[Child 16588, Chrome_ChildThread] WARNING: pipe error: 109: file z:/task_1560988207/build/src/ipc/chromium/src/chrome/common/ipc_channel_win.cc, line 341
[Child 16588, Chro1561505947167	Marionette	INFO	Listening on port 57010
1561505947483	Marionette	WARN	TLS certificate errors will be ignored for this session
JavaScript warning: https://cdn.pcpartpicker.com/static/forever/hash/site-ed632057104df7adb20a36818801f7b5.js, line 142: Using //@ to indicate sourceMappingURL pragmas is deprecated. Use //# instead
[Parent 12372, Gecko_IOThread] WARNING: pipe error: 109: file z:/task_1560988207/build/src/ipc/chromium/src/chrome/common/ipc_channel_win.cc, line 341
[Parent 12372, Gecko_IOThread] WARNING: pipe error: 109: file z:/task_1560988207/build/src/ipc/chromium/src/chrome/common/ipc_channel_win.cc, line 341
[Child 3212, Chrome_ChildThread] WARNING: pipe error: 109: file z:/task_1560988207/build/src/ipc/chromium/src/chrome/co[Chmmon/iipc_chlandnel_ wi2n0.5cc, l2ine 38, Ch41ro
me_ChildThre[Cahidl]d 3212, C WARNING: pipe error: 109: file z:/task_1560988207/build/src/ipc/chromium/src/chrome/common/ipc_channel_win.cc, line 341
[Child 20528, Chrome_ChildThread] WARNING: pipe error: 109: file z:/task_1560988207/build/src/ipc/chromium/src/chrome/comm[Parent 12372, Gecko_IOThread] WARNING: pipe error: 109: file z:/task_1560988207/build/src/ipc/chromium/src/chrome/common/ipc_channel_win.cc, line 341
1561506206632	Marionette	INFO	Stopped listening on port 57010

###!!! [Child][RunMessage] Error: Channel closing: too late to send/recv, messages will be lost

[GPU 1348, Chrome_ChildThread] WARNING: pipe 
###!!! [Child][MessageChannel::SendAndWait] Error: Channel error: cannot send/recv

onditionally handle negative values if you expect them
C:\fakepath(363,75-84): warning X3556: integer divides may be much slower, try using uints if possible.
C:\fakepath(366,50-59): warning X3556: integer modulus may be much slower, try using uints if possible.
C:\fakepath(382,33-90): warning X3571: pow(f, e) will not work for negative f, use abs(f) or conditionally handle negative values if you expect them
C:\fakepath(172,1-6): warning X4000: use of potentially uninitialized variable (dyn_index_vec4_float4)
C:\fakepath(287,25-29): error X4576: Input array signature parameter  cannot be indexed dynamically.

WARN: compileToBinary(259): 
C:\fakepath(334,18-133): warning X3571: pow(f, e) will not work for negative f, use abs(f) or conditionally handle negative values if you expect them
C:\fakepath(340,62-116): warning X3571: pow(f, e) will not work for negative f, use abs(f) or conditionally handle negative values if you expect them
C:\fakepath(363,75-84): warning X3556: integer divides may be much slower, try using uints if possible.
C:\fakepath(366,50-59): warning X3556: integer modulus may be much slower, try using uints if possible.
C:\fakepath(382,33-90): warning X3571: pow(f, e) will not work for negative f, use abs(f) or conditionally handle negative values if you expect them
C:\fakepath(172,1-6): warning X4000: use of potentially uninitialized variable (dyn_index_vec4_float4)
C:\fakepath(287,25-29): error X4576: Input array signature parameter  cannot be indexed dynamically.

WARN: compileToBinary(259): 
C:\fakepath(363,75-84): warning X3556: integer divides may be much slower, try using uints if possible.
C:\fakepath(366,50-59): warning X3556: integer modulus may be much slower, try using uints if possible.
C:\fakepath(172,1-6): warning X4000: use of potentially uninitialized variable (dyn_index_vec4_float4)
C:\fakepath(223,1): warning X4000: use of potentially uninitialized variable (f_distance_aa)
C:\fakepath(260,1): warning X4000: use of potentially uninitialized variable (f_do_clip)

[Child 19304, Chrome_ChildThread] WARNING: pipe error: 109: file z:/task_1560988207/build/src/ipc/chromium/src/chrome/common/ipc_channel_win.cc, line 341
[Chil1561506053221	Marionette	INFO	Listening on port 57074
1561506053568	Marionette	WARN	TLS certificate errors will be ignored for this session
JavaScript warning: https://cdn.pcpartpicker.com/static/forever/hash/site-ed632057104df7adb20a36818801f7b5.js, line 142: Using //@ to indicate sourceMappingURL pragmas is deprecated. Use //# instead
[Child 2380, Chrome_ChildThread] WARNING: pipe error: 109: file z:/task_1560988207/build/src/ipc/chromium/src/chrome/common/ipc_channel_win.cc, line 341
[Child 13956, Chrome_ChildThread] WARNING: pipe error: 109: file z:/task_1560988207/build/src/ipc/chromium/src/chrome/common/ipc_channel_win.cc, line 341
[Child 13956, Chrome_ChildThread] WARNING: pipe error: 109: file z:/task_1560988207/build/src/ipc/chromium/src/chrome/common/ipc_channel_win.cc, line 341
[Parent 20424, Gecko_IOThread] WARNING: pipe error: 109: file z:/task_1560988207/build/src/ipc/chromium/src/chrome/common/ipc_channel_win.cc, line 341
1561506207179	Marionette	INFO	Stopped listening on port 57074

###!!! [Child][RunMessage] Error: Channel closing: too late to send/recv, messages will be lost

[GPU 
###!!! [Child][MessageChannel::SendAndWait] Error: Channel error: cannot send/recv

1561506538885	mozrunner::runner	INFO	Running command: "C:\\Program Files\\Firefox Developer Edition\\firefox.exe" "-marionette" "-foreground" "-no-remote" "-profile" "C:\\Users\\Brady\\AppData\\Local\\Temp\\rust_mozprofile.rCB241SEqcs1"
1561506539268	addons.webextension.screenshots@mozilla.org	WARN	Loading extension 'screenshots@mozilla.org': Reading manifest: Invalid extension permission: mozillaAddons
1561506539268	addons.webextension.screenshots@mozilla.org	WARN	Loading extension 'screenshots@mozilla.org': Reading manifest: Invalid extension permission: telemetry
1561506539268	addons.webextension.screenshots@mozilla.org	WARN	Loading extension 'screenshots@mozilla.org': Reading manifest: Invalid extension permission: resource://pdf.js/
1561506539268	addons.webextension.screenshots@mozilla.org	WARN	Loading extension 'screenshots@mozilla.org': Reading manifest: Invalid extension permission: about:reader*
WARN: compileToBinary(259): 
C:\fakepath(334,18-133): warning X3571: pow(f, e) will not work for negative f, use abs(f) or conditionally handle negative values if you expect them
C:\fakepath(340,62-116): warning X3571: pow(f, e) will not work for negative f, use abs(f) or conditionally handle negative values if you expect them
C:\fakepath(363,75-84): warning X3556: integer divides may be much slower, try using uints if possible.
C:\fakepath(366,50-59): warning X3556: integer modulus may be much slower, try using uints if possible.
C:\fakepath(382,33-90): warning X3571: pow(f, e) will not work for negative f, use abs(f) or conditionally handle negative values if you expect them
C:\fakepath(172,1-6): warning X4000: use of potentially uninitialized variable (dyn_index_vec4_float4)
C:\fakepath(287,25-29): error X4576: Input array signature parameter  cannot be indexed dynamically.

WARN: compileToBinary(259): 
C:\fakepath(334,18-133): warning X3571: pow(f, e) will not work for negative f, use abs(f) or conditionally handle negative values if you expect them
C:\fakepath(340,62-116): warning X3571: pow(f, e) will not work for negative f, use abs(f) or conditionally handle negative values if you expect them
C:\fakepath(363,75-84): warning X3556: integer divides may be much slower, try using uints if possible.
C:\fakepath(366,50-59): warning X3556: integer modulus may be much slower, try using uints if possible.
C:\fakepath(382,33-90): warning X3571: pow(f, e) will not work for negative f, use abs(f) or conditionally handle negative values if you expect them
C:\fakepath(172,1-6): warning X4000: use of potentially uninitialized variable (dyn_index_vec4_float4)
C:\fakepath(287,25-29): error X4576: Input array signature parameter  cannot be indexed dynamically.

WARN: compileToBinary(259): 
C:\fakepath(363,75-84): warning X3556: integer divides may be much slower, try using uints if possible.
C:\fakepath(366,50-59): warning X3556: integer modulus may be much slower, try using uints if possible.
C:\fakepath(172,1-6): warning X4000: use of potentially uninitialized variable (dyn_index_vec4_float4)
C:\fakepath(223,1): warning X4000: use of potentially uninitialized variable (f_distance_aa)
C:\fakepath(260,1): warning X4000: use of potentially uninitialized variable (f_do_clip)

[Child 4468, Chrome_ChildThread] WARNING: pipe error: 109: file z:/task_1560988207/build/src/ipc/chromium/src/chrome/common/ipc_channel_win.cc, line 341
[Child 4468, Chrome_ChildTh1561506541360	Marionette	INFO	Listening on port 57440
1561506541623	Marionette	WARN	TLS certificate errors will be ignored for this session
JavaScript warning: https://cdn.pcpartpicker.com/static/forever/hash/site-ed632057104df7adb20a36818801f7b5.js, line 142: Using //@ to indicate sourceMappingURL pragmas is deprecated. Use //# instead
[Parent 11848, Gecko_IOThread] WARNING: pipe error: 109: file z:/task_1560988207/build/src/ipc/chromium/src/chrome/common/ipc_channel_win.cc, line 341
[Child 19772, Chrome_ChildThread] WARNING: pipe error: 109: file z:/task_1560988207/build/src/ipc/chromium/src/chrome/common/ipc_channel_win.cc, line 341
[Child 19772, Chro[Parent 11848, Gecko_IOThread] WARNING: pipe error: 109: file z:/task_1560988207/build/src/ipc/chromium/src/chrome/common/ipc_channel_win.cc, line 341
[Child 4508, Chrome_ChildThread] WARNING: pipe error: 109: file z:/task_1560988207/build/src/ipc/chromium/src/chrome/common/ipc_channel_win.cc, line 341
[Child 4508,1561506544622	Marionette	INFO	Stopped listening on port 57440
[GPU 4600
###!!! [Child][RunMessage] Error: Channel closing: too late to send/recv, messages will be lost

, C
###!!! [Child][MessageChannel::SendAndWait] Error: Channel error: cannot send/recv

1561506554134	mozrunner::runner	INFO	Running command: "C:\\Program Files\\Firefox Developer Edition\\firefox.exe" "-marionette" "-foreground" "-no-remote" "-profile" "C:\\Users\\Brady\\AppData\\Local\\Temp\\rust_mozprofile.l2hg1D9GCmSg"
1561506554517	addons.webextension.screenshots@mozilla.org	WARN	Loading extension 'screenshots@mozilla.org': Reading manifest: Invalid extension permission: mozillaAddons
1561506554517	addons.webextension.screenshots@mozilla.org	WARN	Loading extension 'screenshots@mozilla.org': Reading manifest: Invalid extension permission: telemetry
1561506554517	addons.webextension.screenshots@mozilla.org	WARN	Loading extension 'screenshots@mozilla.org': Reading manifest: Invalid extension permission: resource://pdf.js/
1561506554517	addons.webextension.screenshots@mozilla.org	WARN	Loading extension 'screenshots@mozilla.org': Reading manifest: Invalid extension permission: about:reader*
WARN: compileToBinary(259): 
C:\fakepath(334,18-133): warning X3571: pow(f, e) will not work for negative f, use abs(f) or conditionally handle negative values if you expect them
C:\fakepath(340,62-116): warning X3571: pow(f, e) will not work for negative f, use abs(f) or conditionally handle negative values if you expect them
C:\fakepath(363,75-84): warning X3556: integer divides may be much slower, try using uints if possible.
C:\fakepath(366,50-59): warning X3556: integer modulus may be much slower, try using uints if possible.
C:\fakepath(382,33-90): warning X3571: pow(f, e) will not work for negative f, use abs(f) or conditionally handle negative values if you expect them
C:\fakepath(172,1-6): warning X4000: use of potentially uninitialized variable (dyn_index_vec4_float4)
C:\fakepath(287,25-29): error X4576: Input array signature parameter  cannot be indexed dynamically.

WARN: compileToBinary(259): 
C:\fakepath(334,18-133): warning X3571: pow(f, e) will not work for negative f, use abs(f) or conditionally handle negative values if you expect them
C:\fakepath(340,62-116): warning X3571: pow(f, e) will not work for negative f, use abs(f) or conditionally handle negative values if you expect them
C:\fakepath(363,75-84): warning X3556: integer divides may be much slower, try using uints if possible.
C:\fakepath(366,50-59): warning X3556: integer modulus may be much slower, try using uints if possible.
C:\fakepath(382,33-90): warning X3571: pow(f, e) will not work for negative f, use abs(f) or conditionally handle negative values if you expect them
C:\fakepath(172,1-6): warning X4000: use of potentially uninitialized variable (dyn_index_vec4_float4)
C:\fakepath(287,25-29): error X4576: Input array signature parameter  cannot be indexed dynamically.

WARN: compileToBinary(259): 
C:\fakepath(363,75-84): warning X3556: integer divides may be much slower, try using uints if possible.
C:\fakepath(366,50-59): warning X3556: integer modulus may be much slower, try using uints if possible.
C:\fakepath(172,1-6): warning X4000: use of potentially uninitialized variable (dyn_index_vec4_float4)
C:\fakepath(223,1): warning X4000: use of potentially uninitialized variable (f_distance_aa)
C:\fakepath(260,1): warning X4000: use of potentially uninitialized variable (f_do_clip)

[Child 18860, Chrome_ChildThread] WARNING: pipe error: 109: file z:/task_1560988207/build/src/ipc/chromium/src/chrome/common/ipc_channel_win.cc, line 341
[Child 18860, Chrome_ChildThread] WARNING: pipe error: 109: file z:/task_1560988207/build/src/ipc/chromium/src/chrome/common/ipc_channel_win.cc, line 341
1561506556643	Marionette	INFO	Listening on port 57498
1561506556864	Marionette	WARN	TLS certificate errors will be ignored for this session
JavaScript warning: https://cdn.pcpartpicker.com/static/forever/hash/site-ed632057104df7adb20a36818801f7b5.js, line 142: Using //@ to indicate sourceMappingURL pragmas is deprecated. Use //# instead
console.error: BroadcastService: 
  receivedBroadcastMessage: handler for
  remote-settings/monitor_changes
  threw error:
  Message: Error: Polling for changes failed: http://%(server)s/dummy/blocklist//buckets/monitor/collections/changes/records?_expected=%221561481775439%22 is not a valid URL..
  Stack:
    remoteSettingsFunction/remoteSettings.pollChanges@resource://services-settings/remote-settings.js:201:13

[Parent 19464, Gecko_IOThread] WARNING: pipe error: 109: file z:/task_1560988207/build/src/ipc/chromium/src/chrome/common/ipc_channel_win.cc, line 341
[Child 18264, Chrome_ChildThread] WARNING: pipe error: 109: file z:/task_1560988207/build/src/ipc/chromium/src/chrome/common/ipc_channel_win.cc, line 341
[Child 18264[Parent 19464, Gecko_IOThread] WARNING: pipe error: 109: file z:/task_1560988207/build/src/ipc/chromium/src/chrome/common/ipc_channel_win.cc, line 341
[Child 15964, Chrome_ChildThread] WARNING: pipe error: 109: file z:/task_1560988207/build/src/ipc/chromium/src/chrome/common/ipc_channel_win.cc, line 341
[Child 15964, C[Parent 19464, Gecko_IOThread] WARNING: pipe error: 109: file z:/task_1560988207/build/src/ipc/chromium/src/chrome/common/ipc_channel_win.cc, line 341
[Child 10656, Chrome_ChildThread] WARNING: pipe error: 109: file z:/task_1560988207/build/src/ipc/chromium/src/chrome/common/ipc_channel_win.cc, line 341
[Child 106561561509445398	Marionette	INFO	Stopped listening on port 57498
[G
###!!! [Child][RunMessage] Error: Channel closing: too late to send/recv, messages will be lost

PU 18092, Chr
###!!! [Child][MessageChannel::SendAndWait] Error: Channel error: cannot send/recv

e of potentially uninitialized variable (dyn_index_vec4_float4)
C:\fakepath(287,25-29): error X4576: Input array signature parameter  cannot be indexed dynamically.

WARN: compileToBinary(259): 
C:\fakepath(334,18-133): warning X3571: pow(f, e) will not work for negative f, use abs(f) or conditionally handle negative values if you expect them
C:\fakepath(340,62-116): warning X3571: pow(f, e) will not work for negative f, use abs(f) or conditionally handle negative values if you expect them
C:\fakepath(363,75-84): warning X3556: integer divides may be much slower, try using uints if possible.
C:\fakepath(366,50-59): warning X3556: integer modulus may be much slower, try using uints if possible.
C:\fakepath(382,33-90): warning X3571: pow(f, e) will not work for negative f, use abs(f) or conditionally handle negative values if you expect them
C:\fakepath(172,1-6): warning X4000: use of potentially uninitialized variable (dyn_index_vec4_float4)
C:\fakepath(287,25-29): error X4576: Input array signature parameter  cannot be indexed dynamically.

WARN: compileToBinary(259): 
C:\fakepath(363,75-84): warning X3556: integer divides may be much slower, try using uints if possible.
C:\fakepath(366,50-59): warning X3556: integer modulus may be much slower, try using uints if possible.
C:\fakepath(172,1-6): warning X4000: use of potentially uninitialized variable (dyn_index_vec4_float4)
C:\fakepath(223,1): warning X4000: use of potentially uninitialized variable (f_distance_aa)
C:\fakepath(260,1): warning X4000: use of potentially uninitialized variable (f_do_clip)

[Child 21112, Chrome_ChildThread] WARNING: pipe error: 109: file z:/task_1560988207/build/src/ipc/chromium/src/chrome/common/ipc_channel_win.cc, line 341
[Child 21112, Chrome_ChildThread] WARNING: pipe error: 109: file z:/task_1560988207/build/src/ipc/chromium/src/chrome/common/ipc_channel_win.cc, line 341
1561506939942	Marionette	INFO	Listening on port 57588
1561506940268	Marionette	WARN	TLS certificate errors will be ignored for this session
JavaScript warning: https://cdn.pcpartpicker.com/static/forever/hash/site-ed632057104df7adb20a36818801f7b5.js, line 142: Using //@ to indicate sourceMappingURL pragmas is deprecated. Use //# instead
console.error: BroadcastService: 
  receivedBroadcastMessage: handler for
  remote-settings/monitor_changes
  threw error:
  Message: Error: Polling for changes failed: http://%(server)s/dummy/blocklist//buckets/monitor/collections/changes/records?_expected=%221561481775439%22 is not a valid URL..
  Stack:
    remoteSettingsFunction/remoteSettings.pollChanges@resource://services-settings/remote-settings.js:201:13

JavaScript warning: https://cdn.pcpartpicker.com/static/forever/hash/site-ed632057104df7adb20a36818801f7b5.js, line 142: Using //@ to indicate sourceMappingURL pragmas is deprecated. Use //# instead
[Parent 14472, Gecko_IOThread] WARNING: pipe error: 109: file z:/task_1560988207/build/src/ipc/chromium/src/chrome/common/ipc_channel_win.cc, line 341
[Parent 14472, Gecko_IOThread] WARNING: pipe error: 109: file z:/task_1560988207/build/src/ipc/chromium/src/chrome/common/ipc_channel_win.cc, line 341
[Child 16760, Chrome_ChildThread] WARNING: pipe error: 109: file z:/task_1560988207/build/src/ipc/chromium/src/chrome/common/ipc_channel_win.cc, line 341
[Child 1873[C6,hild 16760 Chrome_ChildThread] WARNING: pipe error: 109: file z:/task_1560988207/build/src/ipc/chromium/src/chrome/common/ipc_channel_win.cc, line 341
[Child 18736, Chrome_ChildThread] WARNING: pipe error: 109: file z:/task_1560988207/build/src/ipc/chromium/src/chrome/com[Parent 14472, Gecko_IOThread] WARNING: pipe error: 109: file z:/task_1560988207/build/src/ipc/chromium/src/chrome/common/ipc_channel_win.cc, line 341
[Child 8300, Chrome_ChildThread] WARNING: pipe error: 109: file z:/task_1560988207/build/src/ipc/chromium/src/chrome/common/ipc_channel_win.cc, line 341
[Child 831561509444585	Marionette	INFO	Stopped listening on port 57588
[GPU 19812, C
###!!! [Child][MessageChannel::SendAndWait] Error: Channel error: cannot send/recv

 values if you expect them
C:\fakepath(363,75-84): warning X3556: integer divides may be much slower, try using uints if possible.
C:\fakepath(366,50-59): warning X3556: integer modulus may be much slower, try using uints if possible.
C:\fakepath(382,33-90): warning X3571: pow(f, e) will not work for negative f, use abs(f) or conditionally handle negative values if you expect them
C:\fakepath(172,1-6): warning X4000: use of potentially uninitialized variable (dyn_index_vec4_float4)
C:\fakepath(287,25-29): error X4576: Input array signature parameter  cannot be indexed dynamically.

WARN: compileToBinary(259): 
C:\fakepath(334,18-133): warning X3571: pow(f, e) will not work for negative f, use abs(f) or conditionally handle negative values if you expect them
C:\fakepath(340,62-116): warning X3571: pow(f, e) will not work for negative f, use abs(f) or conditionally handle negative values if you expect them
C:\fakepath(363,75-84): warning X3556: integer divides may be much slower, try using uints if possible.
C:\fakepath(366,50-59): warning X3556: integer modulus may be much slower, try using uints if possible.
C:\fakepath(382,33-90): warning X3571: pow(f, e) will not work for negative f, use abs(f) or conditionally handle negative values if you expect them
C:\fakepath(172,1-6): warning X4000: use of potentially uninitialized variable (dyn_index_vec4_float4)
C:\fakepath(287,25-29): error X4576: Input array signature parameter  cannot be indexed dynamically.

WARN: compileToBinary(259): 
C:\fakepath(363,75-84): warning X3556: integer divides may be much slower, try using uints if possible.
C:\fakepath(366,50-59): warning X3556: integer modulus may be much slower, try using uints if possible.
C:\fakepath(172,1-6): warning X4000: use of potentially uninitialized variable (dyn_index_vec4_float4)
C:\fakepath(223,1): warning X4000: use of potentially uninitialized variable (f_distance_aa)
C:\fakepath(260,1): warning X4000: use of potentially uninitialized variable (f_do_clip)

[Child 7712, Chrome_ChildThread] WARNING: pipe error: 109: file z:/task_1560988207/build/src/ipc/chromium/src/chrome/common/ipc_channel_win.cc, line 341
[Child 7712, Ch1561509230105	Marionette	INFO	Listening on port 57768
1561509230350	Marionette	WARN	TLS certificate errors will be ignored for this session
JavaScript warning: https://cdn.pcpartpicker.com/static/forever/hash/site-ed632057104df7adb20a36818801f7b5.js, line 142: Using //@ to indicate sourceMappingURL pragmas is deprecated. Use //# instead
[Child 18612, Chrome_ChildThread] WARNING: pipe error: 109: file z:/task_1560988207/build/src/ipc/chromium/src/chrome/common/ipc_channel_win.cc, line 341
[Child 18612, Chrome_ChildThr[Child 13648, Chrome_ChildThread] WARNING: pipe error: 109: file z:/task_1560988207/build/src/ipc/chromium/src/chrome/common/ipc_channel_win.cc, line 341
[Child 13648, Chrome_Chil[Parent 4348, Gecko_IOThread] WARNING: pipe error: 109: file z:/task_1560988207/build/src/ipc/chromium/src/chrome/common/ipc_channel_win.cc, line 341
[Child 3276, Chrome_ChildThread] WARNING: pipe error: 109: file z:/task_1560988207/build/src/ipc/chromium/src/chrome/common/ipc_channel_win.cc, line 341
[Child 3276, 1561509443936	Marionette	INFO	Stopped listening on port 57768

###!!! [Child][RunMessage] Error: Channel closing: too late to send/recv, messages will be lost

[GP
###!!! [Child][MessageChannel::SendAndWait] Error: Channel error: cannot send/recv

1561509943570	mozrunner::runner	INFO	Running command: "C:\\Program Files\\Firefox Developer Edition\\firefox.exe" "-marionette" "-foreground" "-no-remote" "-profile" "C:\\Users\\Brady\\AppData\\Local\\Temp\\rust_mozprofile.O2ZD75dIxR9m"
1561509944053	addons.webextension.screenshots@mozilla.org	WARN	Loading extension 'screenshots@mozilla.org': Reading manifest: Invalid extension permission: mozillaAddons
1561509944053	addons.webextension.screenshots@mozilla.org	WARN	Loading extension 'screenshots@mozilla.org': Reading manifest: Invalid extension permission: telemetry
1561509944053	addons.webextension.screenshots@mozilla.org	WARN	Loading extension 'screenshots@mozilla.org': Reading manifest: Invalid extension permission: resource://pdf.js/
1561509944053	addons.webextension.screenshots@mozilla.org	WARN	Loading extension 'screenshots@mozilla.org': Reading manifest: Invalid extension permission: about:reader*
WARN: compileToBinary(259): 
C:\fakepath(334,18-133): warning X3571: pow(f, e) will not work for negative f, use abs(f) or conditionally handle negative values if you expect them
C:\fakepath(340,62-116): warning X3571: pow(f, e) will not work for negative f, use abs(f) or conditionally handle negative values if you expect them
C:\fakepath(363,75-84): warning X3556: integer divides may be much slower, try using uints if possible.
C:\fakepath(366,50-59): warning X3556: integer modulus may be much slower, try using uints if possible.
C:\fakepath(382,33-90): warning X3571: pow(f, e) will not work for negative f, use abs(f) or conditionally handle negative values if you expect them
C:\fakepath(172,1-6): warning X4000: use of potentially uninitialized variable (dyn_index_vec4_float4)
C:\fakepath(287,25-29): error X4576: Input array signature parameter  cannot be indexed dynamically.

WARN: compileToBinary(259): 
C:\fakepath(334,18-133): warning X3571: pow(f, e) will not work for negative f, use abs(f) or conditionally handle negative values if you expect them
C:\fakepath(340,62-116): warning X3571: pow(f, e) will not work for negative f, use abs(f) or conditionally handle negative values if you expect them
C:\fakepath(363,75-84): warning X3556: integer divides may be much slower, try using uints if possible.
C:\fakepath(366,50-59): warning X3556: integer modulus may be much slower, try using uints if possible.
C:\fakepath(382,33-90): warning X3571: pow(f, e) will not work for negative f, use abs(f) or conditionally handle negative values if you expect them
C:\fakepath(172,1-6): warning X4000: use of potentially uninitialized variable (dyn_index_vec4_float4)
C:\fakepath(287,25-29): error X4576: Input array signature parameter  cannot be indexed dynamically.

WARN: compileToBinary(259): 
C:\fakepath(363,75-84): warning X3556: integer divides may be much slower, try using uints if possible.
C:\fakepath(366,50-59): warning X3556: integer modulus may be much slower, try using uints if possible.
C:\fakepath(172,1-6): warning X4000: use of potentially uninitialized variable (dyn_index_vec4_float4)
C:\fakepath(223,1): warning X4000: use of potentially uninitialized variable (f_distance_aa)
C:\fakepath(260,1): warning X4000: use of potentially uninitialized variable (f_do_clip)

[Parent 3840, Gecko_IOThread] WARNING: pipe error: 109: file z:/task_1560988207/build/src/ipc/chromium/src/chrome/common/ipc_channel_win.cc, line 341
[Child 20624, Chrome_ChildThread] WARNING: pipe error: 109: file z:/task_1560988207/build/src/ipc/chromium/src/chrome/common/ipc_channel_win.cc, line 341
[Child 20624, Chrome_ChildThread] WARNING: pipe error: 109: file z:/task1561509946361	Marionette	INFO	Listening on port 57851
1561509946803	Marionette	WARN	TLS certificate errors will be ignored for this session
JavaScript warning: https://cdn.pcpartpicker.com/static/forever/hash/site-ed632057104df7adb20a36818801f7b5.js, line 142: Using //@ to indicate sourceMappingURL pragmas is deprecated. Use //# instead
console.error: BroadcastService: 
  receivedBroadcastMessage: handler for
  remote-settings/monitor_changes
  threw error:
  Message: Error: Polling for changes failed: http://%(server)s/dummy/blocklist//buckets/monitor/collections/changes/records?_expected=%221561481775439%22 is not a valid URL..
  Stack:
    remoteSettingsFunction/remoteSettings.pollChanges@resource://services-settings/remote-settings.js:201:13

[Parent 3840, Gecko_IOThread] WARNING: pipe error: 109: file z:/task_1560988207/build/src/ipc/chromium/src/chrome/common/ipc_channel_win.cc, line 341
[Child 16740, Chrome_ChildThread] WARNING: pipe error: 109: file z:/task_1560988207/build/src/ipc/chromium/src/chrome/common/ipc_channel_win.cc, line 341
[Child 16740, Chr[Child 19304, Chrome_ChildThread] WARNING: pipe error: 109: file z:/task_1560988207/build/src/ipc/chromium/src/chrome/common/ipc_channel_win.cc, line 341
[Child 19304, Chrome[Parent 3840, Gecko_IOThread] WARNING: pipe error: 109: file z:/task_1560988207/build/src/ipc/chromium/src/chrome/common/ipc_channel_win.cc, line 341
[Child 2840, Chrome_ChildThread] WARNING: pipe error: 109: file z:/task_1560988207/build/src/ipc/chromium/src/chrome/common/ipc_channel_win.cc, line 341
[Child 21561510700183	Marionette	INFO	Stopped listening on port 57851

###!!! [Child][RunMessage] Error: Channel closing: too late to send/recv, messages will be lost

[GP
###!!! [Child][MessageChannel::SendAndWait] Error: Channel error: cannot send/recv

 negative values if you expect them
C:\fakepath(340,62-116): warning X3571: pow(f, e) will not work for negative f, use abs(f) or conditionally handle negative values if you expect them
C:\fakepath(363,75-84): warning X3556: integer divides may be much slower, try using uints if possible.
C:\fakepath(366,50-59): warning X3556: integer modulus may be much slower, try using uints if possible.
C:\fakepath(382,33-90): warning X3571: pow(f, e) will not work for negative f, use abs(f) or conditionally handle negative values if you expect them
C:\fakepath(172,1-6): warning X4000: use of potentially uninitialized variable (dyn_index_vec4_float4)
C:\fakepath(287,25-29): error X4576: Input array signature parameter  cannot be indexed dynamically.

WARN: compileToBinary(259): 
C:\fakepath(334,18-133): warning X3571: pow(f, e) will not work for negative f, use abs(f) or conditionally handle negative values if you expect them
C:\fakepath(340,62-116): warning X3571: pow(f, e) will not work for negative f, use abs(f) or conditionally handle negative values if you expect them
C:\fakepath(363,75-84): warning X3556: integer divides may be much slower, try using uints if possible.
C:\fakepath(366,50-59): warning X3556: integer modulus may be much slower, try using uints if possible.
C:\fakepath(382,33-90): warning X3571: pow(f, e) will not work for negative f, use abs(f) or conditionally handle negative values if you expect them
C:\fakepath(172,1-6): warning X4000: use of potentially uninitialized variable (dyn_index_vec4_float4)
C:\fakepath(287,25-29): error X4576: Input array signature parameter  cannot be indexed dynamically.

WARN: compileToBinary(259): 
C:\fakepath(363,75-84): warning X3556: integer divides may be much slower, try using uints if possible.
C:\fakepath(366,50-59): warning X3556: integer modulus may be much slower, try using uints if possible.
C:\fakepath(172,1-6): warning X4000: use of potentially uninitialized variable (dyn_index_vec4_float4)
C:\fakepath(223,1): warning X4000: use of potentially uninitialized variable (f_distance_aa)
C:\fakepath(260,1): warning X4000: use of potentially uninitialized variable (f_do_clip)

[Parent 14216, Gecko_IOThread] WARNING: pipe error: 109: file z:/task_1560988207/build/src/ipc/chromium/src/chrome/common/ipc_channel_win.cc, line 341
[Child 16744, Chrome_ChildThread] WARNING: pipe error: 109: file z:/task_1560988207/build/src/ipc/chromium/src/chrome/common/ipc_channel_win.cc, line 341
[Child 16744, Chrome_ChildThr1561510470656	Marionette	INFO	Listening on port 57920
1561510470719	Marionette	WARN	TLS certificate errors will be ignored for this session
JavaScript warning: https://cdn.pcpartpicker.com/static/forever/hash/site-ed632057104df7adb20a36818801f7b5.js, line 142: Using //@ to indicate sourceMappingURL pragmas is deprecated. Use //# instead
[Parent 14216, Gecko_IOThread] WARNING: pipe error: 109: file z:/task_1560988207/build/src/ipc/chromium/src/chrome/common/ipc_channel_win.cc, line 341
[Parent 14216, Gecko_IOThread] WARNING: pipe error: 109: file z:/task_1560988207/build/src/ipc/chromium/src/chrome/common/ipc_channel_win.cc, line 341
[Child 20944, Chrome_ChildThread] WARNING: pipe error: 109: file z:/task_1560988207/build/src/ipc/chromium/src/chrome/common/ipc_channel_win.cc, [Childl 207ine24, Ch rom3e41
_ChildThread] WARNING[:C pipe error: 109: file z:/task_1560988207/build/src/ipc/chromium/src/chrome/common/ipc_channel_win.cc, line 341
[Child 20724, Chrome_ChildThread] WARNING: pipe error: 109: file z:/task_1560988207/build/src/ipc/chromium/src/chrome/common/ipc_channel_win.cc, line 341
[Parent 14216, Gecko_IOThread] WARNING: pipe error: 109: file z:/task_1560988207/build/src/ipc/chromium/src/chrome/common/ipc_channel_win.cc, line 341
[Child 13708, Chrome_ChildThread] WARNING: pipe error: 109: file z:/task_1560988207/build/src/ipc/chromium/src/chrome/common/ipc_channel_win.cc, line 341
[Child 13708, Chrome_ChildThr1561510698662	Marionette	INFO	Stopped listening on port 57920
[
###!!! [Child][MessageChannel::SendAndWait] Error: Channel error: cannot send/recv

kepath(363,75-84): warning X3556: integer divides may be much slower, try using uints if possible.
C:\fakepath(366,50-59): warning X3556: integer modulus may be much slower, try using uints if possible.
C:\fakepath(382,33-90): warning X3571: pow(f, e) will not work for negative f, use abs(f) or conditionally handle negative values if you expect them
C:\fakepath(172,1-6): warning X4000: use of potentially uninitialized variable (dyn_index_vec4_float4)
C:\fakepath(287,25-29): error X4576: Input array signature parameter  cannot be indexed dynamically.

WARN: compileToBinary(259): 
C:\fakepath(334,18-133): warning X3571: pow(f, e) will not work for negative f, use abs(f) or conditionally handle negative values if you expect them
C:\fakepath(340,62-116): warning X3571: pow(f, e) will not work for negative f, use abs(f) or conditionally handle negative values if you expect them
C:\fakepath(363,75-84): warning X3556: integer divides may be much slower, try using uints if possible.
C:\fakepath(366,50-59): warning X3556: integer modulus may be much slower, try using uints if possible.
C:\fakepath(382,33-90): warning X3571: pow(f, e) will not work for negative f, use abs(f) or conditionally handle negative values if you expect them
C:\fakepath(172,1-6): warning X4000: use of potentially uninitialized variable (dyn_index_vec4_float4)
C:\fakepath(287,25-29): error X4576: Input array signature parameter  cannot be indexed dynamically.

WARN: compileToBinary(259): 
C:\fakepath(363,75-84): warning X3556: integer divides may be much slower, try using uints if possible.
C:\fakepath(366,50-59): warning X3556: integer modulus may be much slower, try using uints if possible.
C:\fakepath(172,1-6): warning X4000: use of potentially uninitialized variable (dyn_index_vec4_float4)
C:\fakepath(223,1): warning X4000: use of potentially uninitialized variable (f_distance_aa)
C:\fakepath(260,1): warning X4000: use of potentially uninitialized variable (f_do_clip)

[Child 12100, Chrome_ChildThread] WARNING: pipe error: 109: file z:/task_1560988207/build/src/ipc/chromium/src/chrome/common/ipc_channel_win.cc, line 341
[Child 12100, Chrome_1561510610419	Marionette	INFO	Listening on port 57980
1561510610644	Marionette	WARN	TLS certificate errors will be ignored for this session
JavaScript warning: https://cdn.pcpartpicker.com/static/forever/hash/site-ed632057104df7adb20a36818801f7b5.js, line 142: Using //@ to indicate sourceMappingURL pragmas is deprecated. Use //# instead
[Parent 19768, Gecko_IOThread] WARNING: pipe error: 109: file z:/task_1560988207/build/src/ipc/chromium/src/chrome/common/ipc_channel_win.cc, line 341
[Parent 19768, Gecko_IOThread] WARNING: pipe error: 109: file z:/task_1560988207/build/src/ipc/chromium/src/chrome/common/ipc_channel_win.cc, line 341
[Child 16008, Chrome_ChildThread] WARNING: pipe error: 109: file z:/task_1560988207/build/src/ipc/chromium/src/chrome/common[Child/ 159ipc_channel_win.cc, line 341
04, Chrome_Chil[Chidld 16Thread] WARNING: pipe error: 109: file z:/task_1560988207/build/src/ipc/chromium/src/chrome/common/ipc_channel_win.cc, line 341
[Child 15904, C[Child 16616, Chrome_ChildThread] WARNING: pipe error: 109: file z:/task_1560988207/build/src/ipc/chromium/src/chrome/common/ipc_channel_win.cc, line 341
[Child 166161561510699551	Marionette	INFO	Stopped listening on port 57980

###!!! [Child][RunMessage] Error: Channel closing: too late to send/recv, messages will be lost

[G
###!!! [Child][MessageChannel::SendAndWait] Error: Channel error: cannot send/recv

